0 info it worked if it ends with ok
1 verbose cli [ '/Users/sequoiasnow/.nvm/versions/node/v6.11.0/bin/node',
1 verbose cli   '/Users/sequoiasnow/.nvm/versions/node/v6.11.0/bin/npm',
1 verbose cli   'run',
1 verbose cli   'start' ]
2 info using npm@3.10.10
3 info using node@v6.11.0
4 verbose run-script [ 'prestart', 'start', 'poststart' ]
5 info lifecycle @~prestart: @
6 silly lifecycle @~prestart: no script for prestart, continuing
7 info lifecycle @~start: @
8 verbose lifecycle @~start: unsafe-perm in lifecycle true
9 verbose lifecycle @~start: PATH: /Users/sequoiasnow/.nvm/versions/node/v6.11.0/lib/node_modules/npm/bin/node-gyp-bin:/Users/sequoiasnow/Documents/Sites/studiosfontainebleau/node_modules/.bin:/Users/sequoiasnow/.nvm/versions/node/v6.11.0/bin:/usr/local/bin:/usr/local/sbin:/usr/local/lib/node_modules:/Users/sequoiasnow/bin:/Users/sequoiasnow/.cabal/bin:/opt/local/bin:/opt/local/sbin:/usr/bin:/bin:/usr/sbin:/sbin:/usr/local/bin:/opt/X11/bin:/Library/TeX/texbin
10 verbose lifecycle @~start: CWD: /Users/sequoiasnow/Documents/Sites/studiosfontainebleau
11 silly lifecycle @~start: Args: [ '-c',
11 silly lifecycle   'NODE_ENV=development node webpack/webpack-dev-server --env.dev' ]
12 silly lifecycle @~start: Returned: code: 1  signal: null
13 info lifecycle @~start: Failed to exec start script
14 verbose stack Error: @ start: `NODE_ENV=development node webpack/webpack-dev-server --env.dev`
14 verbose stack Exit status 1
14 verbose stack     at EventEmitter.<anonymous> (/Users/sequoiasnow/.nvm/versions/node/v6.11.0/lib/node_modules/npm/lib/utils/lifecycle.js:255:16)
14 verbose stack     at emitTwo (events.js:106:13)
14 verbose stack     at EventEmitter.emit (events.js:191:7)
14 verbose stack     at ChildProcess.<anonymous> (/Users/sequoiasnow/.nvm/versions/node/v6.11.0/lib/node_modules/npm/lib/utils/spawn.js:40:14)
14 verbose stack     at emitTwo (events.js:106:13)
14 verbose stack     at ChildProcess.emit (events.js:191:7)
14 verbose stack     at maybeClose (internal/child_process.js:891:16)
14 verbose stack     at Process.ChildProcess._handle.onexit (internal/child_process.js:226:5)
15 verbose pkgid @
16 verbose cwd /Users/sequoiasnow/Documents/Sites/studiosfontainebleau
17 error Darwin 16.6.0
18 error argv "/Users/sequoiasnow/.nvm/versions/node/v6.11.0/bin/node" "/Users/sequoiasnow/.nvm/versions/node/v6.11.0/bin/npm" "run" "start"
19 error node v6.11.0
20 error npm  v3.10.10
21 error code ELIFECYCLE
22 error @ start: `NODE_ENV=development node webpack/webpack-dev-server --env.dev`
22 error Exit status 1
23 error Failed at the @ start script 'NODE_ENV=development node webpack/webpack-dev-server --env.dev'.
23 error Make sure you have the latest version of node.js and npm installed.
23 error If you do, this is most likely a problem with the  package,
23 error not with npm itself.
23 error Tell the author that this fails on your system:
23 error     NODE_ENV=development node webpack/webpack-dev-server --env.dev
23 error You can get information on how to open an issue for this project with:
23 error     npm bugs
23 error Or if that isn't available, you can get their info via:
23 error     npm owner ls
23 error There is likely additional logging output above.
24 verbose exit [ 1, true ]
